<?xml version="1.0" encoding="UTF-8"?>
<!-- Generated by org.testng.reporters.JUnitXMLReporter -->
<testsuite hostname="Lenovo" ignored="1" name="Default test" tests="4" failures="0" timestamp="24 Jun 2022 12:53:37 GMT" time="0.226" errors="0">
  <testcase name="testCase1" time="0.053" classname="org.sample.TestNG2"/>
  <testcase name="testCase4" time="0.016" classname="org.sample.TestNG2"/>
  <testcase name="testCase4" time="0.016" classname="org.sample.TestNG2"/>
  <testcase name="testCase2" time="0.015" classname="org.sample.TestNG2"/>
  <testcase name="testCase3" time="0.0" classname="org.sample.TestNG2">
    <ignored/>
  </testcase> <!-- testCase3 -->
</testsuite> <!-- Default test -->
