<?xml version="1.0" encoding="UTF-8"?>
<testng-results skipped="0" failed="0" ignored="1" total="5" passed="4">
  <reporter-output>
  </reporter-output>
  <suite name="Default suite" duration-ms="226" started-at="2022-06-24T12:53:36Z" finished-at="2022-06-24T12:53:37Z">
    <groups>
    </groups>
    <test name="Default test" duration-ms="226" started-at="2022-06-24T12:53:36Z" finished-at="2022-06-24T12:53:37Z">
      <class name="org.sample.TestNG2">
        <test-method status="PASS" signature="testCase1()[pri:-2, instance:org.sample.TestNG2@6dbb137d]" name="testCase1" duration-ms="53" started-at="2022-06-24T12:53:36Z" finished-at="2022-06-24T12:53:36Z">
          <reporter-output>
          </reporter-output>
        </test-method> <!-- testCase1 -->
        <test-method status="PASS" signature="testCase4()[pri:-1, instance:org.sample.TestNG2@6dbb137d]" name="testCase4" duration-ms="16" started-at="2022-06-24T12:53:36Z" finished-at="2022-06-24T12:53:37Z">
          <reporter-output>
          </reporter-output>
        </test-method> <!-- testCase4 -->
        <test-method status="PASS" signature="testCase4()[pri:-1, instance:org.sample.TestNG2@6dbb137d]" name="testCase4" duration-ms="16" started-at="2022-06-24T12:53:37Z" finished-at="2022-06-24T12:53:37Z">
          <reporter-output>
          </reporter-output>
        </test-method> <!-- testCase4 -->
        <test-method status="PASS" signature="testCase2()[pri:2, instance:org.sample.TestNG2@6dbb137d]" name="testCase2" duration-ms="15" started-at="2022-06-24T12:53:37Z" finished-at="2022-06-24T12:53:37Z">
          <reporter-output>
          </reporter-output>
        </test-method> <!-- testCase2 -->
      </class> <!-- org.sample.TestNG2 -->
    </test> <!-- Default test -->
  </suite> <!-- Default suite -->
</testng-results>
